[2022-04-19 20:56:37,867: INFO: stage_01_get_data]: 
********************
[2022-04-19 20:56:37,867: INFO: stage_01_get_data]: >>>>> stage GET_DATA started <<<<<
[2022-04-19 20:56:37,875: INFO: common]: yaml file: configs/config.yaml loaded successfully
[2022-04-19 20:56:37,876: INFO: common]: created directory at: data
[2022-04-19 20:56:37,914: INFO: stage_01_get_data]: filename:data.zip already present
[2022-04-19 20:56:37,915: INFO: stage_01_get_data]: data already extracted
[2022-04-19 20:56:37,915: INFO: common]: created directory at: data/data\bad_data
[2022-04-19 21:02:09,678: INFO: stage_01_get_data]: >>>>> stage GET_DATA completed!<<<<<

[2022-04-19 21:04:56,614: INFO: stage_02_base_model_creation]: 
********************
[2022-04-19 21:04:56,614: INFO: stage_02_base_model_creation]: >>>>> stage BASE MODEL CREATION started <<<<<
[2022-04-19 21:04:57,059: INFO: common]: yaml file: configs/config.yaml loaded successfully
[2022-04-19 21:04:57,059: INFO: stage_02_base_model_creation]: layers defined
[2022-04-19 21:05:01,400: INFO: stage_02_base_model_creation]: base model summary:
Model: "sequential"
_________________________________________________________________
 Layer (type)                Output Shape              Param #   
=================================================================
 conv2d (Conv2D)             (None, 178, 178, 32)      896       
                                                                 
 max_pooling2d (MaxPooling2D  (None, 89, 89, 32)       0         
 )                                                               
                                                                 
 conv2d_1 (Conv2D)           (None, 87, 87, 32)        9248      
                                                                 
 max_pooling2d_1 (MaxPooling  (None, 43, 43, 32)       0         
 2D)                                                             
                                                                 
 flatten (Flatten)           (None, 59168)             0         
                                                                 
 dense (Dense)               (None, 8)                 473352    
                                                                 
 dense_1 (Dense)             (None, 2)                 18        
                                                                 
=================================================================
Total params: 483,514
Trainable params: 483,514
Non-trainable params: 0
_________________________________________________________________

[2022-04-19 21:05:01,420: INFO: common]: created directory at: data\model
[2022-04-19 21:05:02,476: INFO: stage_02_base_model_creation]: model is saved at : data\model\init_model.h5
[2022-04-19 21:05:02,477: INFO: stage_02_base_model_creation]: >>>>> stage BASE MODEL CREATION completed!<<<<<

[2022-04-19 21:05:15,596: INFO: stage_04_train]: 
********************
[2022-04-19 21:05:15,596: INFO: stage_04_train]: >>>>> stage Training started <<<<<
[2022-04-19 21:05:15,602: INFO: common]: yaml file: configs/config.yaml loaded successfully
[2022-04-19 21:05:15,602: INFO: stage_04_train]: read the data from data/data\PetImages
[2022-04-19 21:05:21,731: INFO: stage_04_train]: load the base model from data\model\init_model.h5
[2022-04-19 21:05:22,337: INFO: stage_04_train]: training started
[2022-04-19 21:19:43,174: INFO: stage_04_train]: trained model is saved at : data\model\trained_model.h5
[2022-04-19 21:19:43,216: INFO: stage_04_train]: >>>>> stage Training completed!<<<<<

